[1103/002536.343:ERROR:directory_reader_win.cc(43)] FindFirstFile: The system cannot find the path specified. (0x3)
[1103/131148.206:ERROR:directory_reader_win.cc(43)] FindFirstFile: The system cannot find the path specified. (0x3)
[1104/121622.931:ERROR:directory_reader_win.cc(43)] FindFirstFile: The system cannot find the path specified. (0x3)
[1105/102231.149:ERROR:directory_reader_win.cc(43)] FindFirstFile: The system cannot find the path specified. (0x3)
[1106/124716.111:ERROR:directory_reader_win.cc(43)] FindFirstFile: The system cannot find the path specified. (0x3)
[1107/113816.313:ERROR:directory_reader_win.cc(43)] FindFirstFile: The system cannot find the path specified. (0x3)
[1108/103903.509:ERROR:directory_reader_win.cc(43)] FindFirstFile: The system cannot find the path specified. (0x3)
[1108/234346.562:ERROR:directory_reader_win.cc(43)] FindFirstFile: The system cannot find the path specified. (0x3)
[1108/235258.238:ERROR:process_memory_win.cc(73)] ReadMemory at 0x7ff653960000 of 64 bytes failed: Only part of a ReadProcessMemory or WriteProcessMemory request was completed. (0x12B)
[1108/235258.284:WARNING:pe_image_reader.cc(340)] could not read dos header from C:\Program Files (x86)\Google\Chrome\Application\chrome.exe
[1108/235258.284:ERROR:process_memory_win.cc(73)] ReadMemory at 0x7ffb4f980000 of 64 bytes failed: Only part of a ReadProcessMemory or WriteProcessMemory request was completed. (0x12B)
[1108/235258.284:WARNING:pe_image_reader.cc(340)] could not read dos header from C:\WINDOWS\SYSTEM32\ntdll.dll
[1108/235258.284:ERROR:process_memory_win.cc(73)] ReadMemory at 0x7ffb4e220000 of 64 bytes failed: Only part of a ReadProcessMemory or WriteProcessMemory request was completed. (0x12B)
[1108/235258.284:WARNING:pe_image_reader.cc(340)] could not read dos header from C:\WINDOWS\System32\KERNEL32.DLL
[1108/235258.284:ERROR:process_memory_win.cc(73)] ReadMemory at 0x7ffb4cab0000 of 64 bytes failed: Only part of a ReadProcessMemory or WriteProcessMemory request was completed. (0x12B)
[1108/235258.284:WARNING:pe_image_reader.cc(340)] could not read dos header from C:\WINDOWS\System32\KERNELBASE.dll
[1108/235258.284:ERROR:process_memory_win.cc(73)] ReadMemory at 0x7ffb219b0000 of 64 bytes failed: Only part of a ReadProcessMemory or WriteProcessMemory request was completed. (0x12B)
[1108/235258.284:WARNING:pe_image_reader.cc(340)] could not read dos header from C:\Program Files (x86)\Google\Chrome\Application\86.0.4240.183\chrome_elf.dll
[1108/235258.284:ERROR:process_memory_win.cc(73)] ReadMemory at 0x7ffb43de0000 of 64 bytes failed: Only part of a ReadProcessMemory or WriteProcessMemory request was completed. (0x12B)
[1108/235258.284:WARNING:pe_image_reader.cc(340)] could not read dos header from C:\WINDOWS\SYSTEM32\VERSION.dll
[1108/235258.284:ERROR:process_memory_win.cc(73)] ReadMemory at 0x7ffb4e180000 of 64 bytes failed: Only part of a ReadProcessMemory or WriteProcessMemory request was completed. (0x12B)
[1108/235258.284:WARNING:pe_image_reader.cc(340)] could not read dos header from C:\WINDOWS\System32\msvcrt.dll
[1108/235258.284:ERROR:process_memory_win.cc(73)] ReadMemory at 0x7ffb4cd60000 of 64 bytes failed: Only part of a ReadProcessMemory or WriteProcessMemory request was completed. (0x12B)
[1108/235258.284:WARNING:pe_image_reader.cc(340)] could not read dos header from C:\WINDOWS\System32\bcryptPrimitives.dll
[1108/235258.284:ERROR:process_memory_win.cc(73)] ReadMemory at 0x7ffb4ef80000 of 64 bytes failed: Only part of a ReadProcessMemory or WriteProcessMemory request was completed. (0x12B)
[1108/235258.284:WARNING:pe_image_reader.cc(340)] could not read dos header from C:\WINDOWS\System32\ADVAPI32.dll
[1108/235258.284:ERROR:process_memory_win.cc(73)] ReadMemory at 0x7ffb4f670000 of 64 bytes failed: Only part of a ReadProcessMemory or WriteProcessMemory request was completed. (0x12B)
[1108/235258.284:WARNING:pe_image_reader.cc(340)] could not read dos header from C:\WINDOWS\System32\sechost.dll
[1108/235258.284:ERROR:process_memory_win.cc(73)] ReadMemory at 0x7ffb4f550000 of 64 bytes failed: Only part of a ReadProcessMemory or WriteProcessMemory request was completed. (0x12B)
[1108/235258.300:WARNING:pe_image_reader.cc(340)] could not read dos header from C:\WINDOWS\System32\RPCRT4.dll
[1108/235258.300:ERROR:process_memory_win.cc(73)] ReadMemory at 0x7ffaf9160000 of 64 bytes failed: Only part of a ReadProcessMemory or WriteProcessMemory request was completed. (0x12B)
[1108/235258.300:WARNING:pe_image_reader.cc(340)] could not read dos header from C:\Program Files (x86)\Google\Chrome\Application\86.0.4240.183\chrome.dll
[1108/235258.300:ERROR:process_memory_win.cc(73)] ReadMemory at 0x7ffb4f4e0000 of 64 bytes failed: Only part of a ReadProcessMemory or WriteProcessMemory request was completed. (0x12B)
[1108/235258.300:WARNING:pe_image_reader.cc(340)] could not read dos header from C:\WINDOWS\System32\WS2_32.dll
[1108/235258.300:ERROR:process_memory_win.cc(73)] ReadMemory at 0x7ffb4e0b0000 of 64 bytes failed: Only part of a ReadProcessMemory or WriteProcessMemory request was completed. (0x12B)
[1108/235258.300:WARNING:pe_image_reader.cc(340)] could not read dos header from C:\WINDOWS\System32\OLEAUT32.dll
[1108/235258.300:ERROR:process_memory_win.cc(73)] ReadMemory at 0x7ffb4d990000 of 64 bytes failed: Only part of a ReadProcessMemory or WriteProcessMemory request was completed. (0x12B)
[1108/235258.300:WARNING:pe_image_reader.cc(340)] could not read dos header from C:\WINDOWS\System32\msvcp_win.dll
[1108/235258.300:ERROR:process_memory_win.cc(73)] ReadMemory at 0x7ffb4d890000 of 64 bytes failed: Only part of a ReadProcessMemory or WriteProcessMemory request was completed. (0x12B)
[1108/235258.300:WARNING:pe_image_reader.cc(340)] could not read dos header from C:\WINDOWS\System32\ucrtbase.dll
[1108/235258.300:ERROR:process_memory_win.cc(73)] ReadMemory at 0x21437400000 of 64 bytes failed: Only part of a ReadProcessMemory or WriteProcessMemory request was completed. (0x12B)
[1108/235258.300:WARNING:pe_image_reader.cc(340)] could not read dos header from C:\WINDOWS\System32\combase.dll
[1108/235258.300:ERROR:process_memory_win.cc(73)] ReadMemory at 0x7ffb4d800000 of 64 bytes failed: Only part of a ReadProcessMemory or WriteProcessMemory request was completed. (0x12B)
[1108/235258.300:WARNING:pe_image_reader.cc(340)] could not read dos header from C:\WINDOWS\System32\WINTRUST.dll
[1108/235258.300:ERROR:process_memory_win.cc(73)] ReadMemory at 0x7ffb4c8c0000 of 64 bytes failed: Only part of a ReadProcessMemory or WriteProcessMemory request was completed. (0x12B)
[1108/235258.300:WARNING:pe_image_reader.cc(340)] could not read dos header from C:\WINDOWS\System32\MSASN1.dll
[1108/235258.300:ERROR:process_memory_win.cc(73)] ReadMemory at 0x7ffb4c960000 of 64 bytes failed: Only part of a ReadProcessMemory or WriteProcessMemory request was completed. (0x12B)
[1108/235258.300:WARNING:pe_image_reader.cc(340)] could not read dos header from C:\WINDOWS\System32\CRYPT32.dll
[1108/235258.300:ERROR:process_memory_win.cc(73)] ReadMemory at 0x7ffb4afc0000 of 64 bytes failed: Only part of a ReadProcessMemory or WriteProcessMemory request was completed. (0x12B)
[1108/235258.300:WARNING:pe_image_reader.cc(340)] could not read dos header from C:\WINDOWS\SYSTEM32\dbghelp.dll
[1108/235258.300:ERROR:process_memory_win.cc(73)] ReadMemory at 0x7ffb4bd40000 of 64 bytes failed: Only part of a ReadProcessMemory or WriteProcessMemory request was completed. (0x12B)
[1108/235258.300:WARNING:pe_image_reader.cc(340)] could not read dos header from C:\WINDOWS\SYSTEM32\IPHLPAPI.DLL
[1108/235258.300:ERROR:process_memory_win.cc(73)] ReadMemory at 0x7ffb49110000 of 64 bytes failed: Only part of a ReadProcessMemory or WriteProcessMemory request was completed. (0x12B)
[1108/235258.300:WARNING:pe_image_reader.cc(340)] could not read dos header from C:\WINDOWS\SYSTEM32\WINMM.dll
[1108/235258.300:ERROR:process_memory_win.cc(73)] ReadMemory at 0x7ffb26f00000 of 64 bytes failed: Only part of a ReadProcessMemory or WriteProcessMemory request was completed. (0x12B)
[1108/235258.300:WARNING:pe_image_reader.cc(340)] could not read dos header from C:\WINDOWS\SYSTEM32\UIAutomationCore.DLL
[1108/235258.300:ERROR:process_memory_win.cc(73)] ReadMemory at 0x7ffb39220000 of 64 bytes failed: Only part of a ReadProcessMemory or WriteProcessMemory request was completed. (0x12B)
[1108/235258.300:WARNING:pe_image_reader.cc(340)] could not read dos header from C:\WINDOWS\SYSTEM32\Secur32.dll
[1108/235258.300:ERROR:process_memory_win.cc(73)] ReadMemory at 0x7ffb4c760000 of 64 bytes failed: Only part of a ReadProcessMemory or WriteProcessMemory request was completed. (0x12B)
[1108/235258.300:WARNING:pe_image_reader.cc(340)] could not read dos header from C:\WINDOWS\SYSTEM32\USERENV.dll
[1108/235258.300:ERROR:process_memory_win.cc(73)] ReadMemory at 0x7ffb4c8e0000 of 64 bytes failed: Only part of a ReadProcessMemory or WriteProcessMemory request was completed. (0x12B)
[1108/235258.300:WARNING:pe_image_reader.cc(340)] could not read dos header from C:\WINDOWS\System32\profapi.dll
[1108/235258.300:ERROR:process_memory_win.cc(73)] ReadMemory at 0x7ffb36fb0000 of 64 bytes failed: Only part of a ReadProcessMemory or WriteProcessMemory request was completed. (0x12B)
[1108/235258.300:WARNING:pe_image_reader.cc(340)] could not read dos header from C:\WINDOWS\SYSTEM32\DWrite.dll
[1108/235258.300:ERROR:process_memory_win.cc(73)] ReadMemory at 0x7ffb43d50000 of 64 bytes failed: Only part of a ReadProcessMemory or WriteProcessMemory request was completed. (0x12B)
[1108/235258.300:WARNING:pe_image_reader.cc(340)] could not read dos header from C:\WINDOWS\SYSTEM32\WINSPOOL.DRV
[1108/235258.300:ERROR:process_memory_win.cc(73)] ReadMemory at 0x7ffb4c8a0000 of 64 bytes failed: Only part of a ReadProcessMemory or WriteProcessMemory request was completed. (0x12B)
[1108/235258.300:WARNING:pe_image_reader.cc(340)] could not read dos header from C:\WINDOWS\System32\kernel.appcore.dll
[1108/235258.300:ERROR:process_memory_win.cc(73)] ReadMemory at 0x7ffb4d860000 of 64 bytes failed: Only part of a ReadProcessMemory or WriteProcessMemory request was completed. (0x12B)
[1108/235258.300:WARNING:pe_image_reader.cc(340)] could not read dos header from C:\WINDOWS\System32\bcrypt.dll
[1108/235258.300:ERROR:process_memory_win.cc(73)] ReadMemory at 0x7ffb42a10000 of 64 bytes failed: Only part of a ReadProcessMemory or WriteProcessMemory request was completed. (0x12B)
[1108/235258.300:WARNING:pe_image_reader.cc(340)] could not read dos header from C:\WINDOWS\SYSTEM32\WINHTTP.dll
[1108/235258.300:ERROR:process_memory_win.cc(73)] ReadMemory at 0x7ffb42160000 of 64 bytes failed: Only part of a ReadProcessMemory or WriteProcessMemory request was completed. (0x12B)
[1108/235258.300:WARNING:pe_image_reader.cc(340)] could not read dos header from C:\WINDOWS\SYSTEM32\dhcpcsvc.DLL
[1108/235258.300:ERROR:process_memory_win.cc(73)] ReadMemory at 0x7ffb4e090000 of 64 bytes failed: Only part of a ReadProcessMemory or WriteProcessMemory request was completed. (0x12B)
[1108/235258.300:WARNING:pe_image_reader.cc(340)] could not read dos header from C:\WINDOWS\System32\NSI.dll
[1108/235258.300:ERROR:process_memory_win.cc(73)] ReadMemory at 0x7ffb49000000 of 64 bytes failed: Only part of a ReadProcessMemory or WriteProcessMemory request was completed. (0x12B)
[1108/235258.300:WARNING:pe_image_reader.cc(340)] could not read dos header from C:\WINDOWS\SYSTEM32\WINMMBASE.dll
[1108/235258.300:ERROR:process_memory_win.cc(73)] ReadMemory at 0x7ffb4c910000 of 64 bytes failed: Only part of a ReadProcessMemory or WriteProcessMemory request was completed. (0x12B)
[1108/235258.300:WARNING:pe_image_reader.cc(340)] could not read dos header from C:\WINDOWS\System32\cfgmgr32.dll
[1108/235258.316:ERROR:process_memory_win.cc(73)] ReadMemory at 0x7ffb49e80000 of 64 bytes failed: Only part of a ReadProcessMemory or WriteProcessMemory request was completed. (0x12B)
[1108/235258.316:WARNING:pe_image_reader.cc(340)] could not read dos header from C:\WINDOWS\SYSTEM32\PROPSYS.dll
[1108/235258.316:ERROR:process_memory_win.cc(73)] ReadMemory at 0x7ffb4eed0000 of 64 bytes failed: Only part of a ReadProcessMemory or WriteProcessMemory request was completed. (0x12B)
[1108/235258.316:WARNING:pe_image_reader.cc(340)] could not read dos header from C:\WINDOWS\System32\shcore.dll
[1108/235258.316:ERROR:process_memory_win.cc(73)] ReadMemory at 0x7ffb4c720000 of 64 bytes failed: Only part of a ReadProcessMemory or WriteProcessMemory request was completed. (0x12B)
[1108/235258.316:WARNING:pe_image_reader.cc(340)] could not read dos header from C:\WINDOWS\SYSTEM32\SSPICLI.DLL
[1108/235258.316:ERROR:process_memory_win.cc(73)] ReadMemory at 0x7ffb4c260000 of 64 bytes failed: Only part of a ReadProcessMemory or WriteProcessMemory request was completed. (0x12B)
[1108/235258.316:WARNING:pe_image_reader.cc(340)] could not read dos header from C:\WINDOWS\SYSTEM32\CRYPTBASE.DLL
[1108/235258.316:ERROR:process_memory_win.cc(73)] ReadMemory at 0x7ff653960000 of 64 bytes failed: Only part of a ReadProcessMemory or WriteProcessMemory request was completed. (0x12B)
[1108/235258.316:WARNING:pe_image_reader.cc(340)] could not read dos header from C:\Program Files (x86)\Google\Chrome\Application\chrome.exe
[1108/235258.316:ERROR:process_memory_win.cc(73)] ReadMemory at 0x7ffb4f980000 of 64 bytes failed: Only part of a ReadProcessMemory or WriteProcessMemory request was completed. (0x12B)
[1108/235258.316:WARNING:pe_image_reader.cc(340)] could not read dos header from C:\WINDOWS\SYSTEM32\ntdll.dll
[1108/235258.316:ERROR:process_memory_win.cc(73)] ReadMemory at 0x7ffb4e220000 of 64 bytes failed: Only part of a ReadProcessMemory or WriteProcessMemory request was completed. (0x12B)
[1108/235258.316:WARNING:pe_image_reader.cc(340)] could not read dos header from C:\WINDOWS\System32\KERNEL32.DLL
[1108/235258.316:ERROR:process_memory_win.cc(73)] ReadMemory at 0x7ffb4cab0000 of 64 bytes failed: Only part of a ReadProcessMemory or WriteProcessMemory request was completed. (0x12B)
[1108/235258.316:WARNING:pe_image_reader.cc(340)] could not read dos header from C:\WINDOWS\System32\KERNELBASE.dll
[1108/235258.316:ERROR:process_memory_win.cc(73)] ReadMemory at 0x7ffb219b0000 of 64 bytes failed: Only part of a ReadProcessMemory or WriteProcessMemory request was completed. (0x12B)
[1108/235258.316:WARNING:pe_image_reader.cc(340)] could not read dos header from C:\Program Files (x86)\Google\Chrome\Application\86.0.4240.183\chrome_elf.dll
[1108/235258.316:ERROR:process_memory_win.cc(73)] ReadMemory at 0x7ffb43de0000 of 64 bytes failed: Only part of a ReadProcessMemory or WriteProcessMemory request was completed. (0x12B)
[1108/235258.316:WARNING:pe_image_reader.cc(340)] could not read dos header from C:\WINDOWS\SYSTEM32\VERSION.dll
[1108/235258.316:ERROR:process_memory_win.cc(73)] ReadMemory at 0x7ffb4e180000 of 64 bytes failed: Only part of a ReadProcessMemory or WriteProcessMemory request was completed. (0x12B)
[1108/235258.316:WARNING:pe_image_reader.cc(340)] could not read dos header from C:\WINDOWS\System32\msvcrt.dll
[1108/235258.316:ERROR:process_memory_win.cc(73)] ReadMemory at 0x7ffb4cd60000 of 64 bytes failed: Only part of a ReadProcessMemory or WriteProcessMemory request was completed. (0x12B)
[1108/235258.316:WARNING:pe_image_reader.cc(340)] could not read dos header from C:\WINDOWS\System32\bcryptPrimitives.dll
[1108/235258.316:ERROR:process_memory_win.cc(73)] ReadMemory at 0x7ffb4ef80000 of 64 bytes failed: Only part of a ReadProcessMemory or WriteProcessMemory request was completed. (0x12B)
[1108/235258.316:WARNING:pe_image_reader.cc(340)] could not read dos header from C:\WINDOWS\System32\ADVAPI32.dll
[1108/235258.316:ERROR:process_memory_win.cc(73)] ReadMemory at 0x7ffb4f670000 of 64 bytes failed: Only part of a ReadProcessMemory or WriteProcessMemory request was completed. (0x12B)
[1108/235258.316:WARNING:pe_image_reader.cc(340)] could not read dos header from C:\WINDOWS\System32\sechost.dll
[1108/235258.316:ERROR:process_memory_win.cc(73)] ReadMemory at 0x7ffb4f550000 of 64 bytes failed: Only part of a ReadProcessMemory or WriteProcessMemory request was completed. (0x12B)
[1108/235258.316:WARNING:pe_image_reader.cc(340)] could not read dos header from C:\WINDOWS\System32\RPCRT4.dll
[1108/235258.316:ERROR:process_memory_win.cc(73)] ReadMemory at 0x7ffaf9160000 of 64 bytes failed: Only part of a ReadProcessMemory or WriteProcessMemory request was completed. (0x12B)
[1108/235258.316:WARNING:pe_image_reader.cc(340)] could not read dos header from C:\Program Files (x86)\Google\Chrome\Application\86.0.4240.183\chrome.dll
[1108/235258.316:ERROR:process_memory_win.cc(73)] ReadMemory at 0x7ffb4f4e0000 of 64 bytes failed: Only part of a ReadProcessMemory or WriteProcessMemory request was completed. (0x12B)
[1108/235258.331:WARNING:pe_image_reader.cc(340)] could not read dos header from C:\WINDOWS\System32\WS2_32.dll
[1108/235258.331:ERROR:process_memory_win.cc(73)] ReadMemory at 0x7ffb4e0b0000 of 64 bytes failed: Only part of a ReadProcessMemory or WriteProcessMemory request was completed. (0x12B)
[1108/235258.331:WARNING:pe_image_reader.cc(340)] could not read dos header from C:\WINDOWS\System32\OLEAUT32.dll
[1108/235258.331:ERROR:process_memory_win.cc(73)] ReadMemory at 0x7ffb4d990000 of 64 bytes failed: Only part of a ReadProcessMemory or WriteProcessMemory request was completed. (0x12B)
[1108/235258.331:WARNING:pe_image_reader.cc(340)] could not read dos header from C:\WINDOWS\System32\msvcp_win.dll
[1108/235258.331:ERROR:process_memory_win.cc(73)] ReadMemory at 0x7ffb4d890000 of 64 bytes failed: Only part of a ReadProcessMemory or WriteProcessMemory request was completed. (0x12B)
[1108/235258.331:WARNING:pe_image_reader.cc(340)] could not read dos header from C:\WINDOWS\System32\ucrtbase.dll
[1108/235258.331:ERROR:process_memory_win.cc(73)] ReadMemory at 0x21437400000 of 64 bytes failed: Only part of a ReadProcessMemory or WriteProcessMemory request was completed. (0x12B)
[1108/235258.331:WARNING:pe_image_reader.cc(340)] could not read dos header from C:\WINDOWS\System32\combase.dll
[1108/235258.331:ERROR:process_memory_win.cc(73)] ReadMemory at 0x7ffb4d800000 of 64 bytes failed: Only part of a ReadProcessMemory or WriteProcessMemory request was completed. (0x12B)
[1108/235258.331:WARNING:pe_image_reader.cc(340)] could not read dos header from C:\WINDOWS\System32\WINTRUST.dll
[1108/235258.331:ERROR:process_memory_win.cc(73)] ReadMemory at 0x7ffb4c8c0000 of 64 bytes failed: Only part of a ReadProcessMemory or WriteProcessMemory request was completed. (0x12B)
[1108/235258.331:WARNING:pe_image_reader.cc(340)] could not read dos header from C:\WINDOWS\System32\MSASN1.dll
[1108/235258.331:ERROR:process_memory_win.cc(73)] ReadMemory at 0x7ffb4c960000 of 64 bytes failed: Only part of a ReadProcessMemory or WriteProcessMemory request was completed. (0x12B)
[1108/235258.331:WARNING:pe_image_reader.cc(340)] could not read dos header from C:\WINDOWS\System32\CRYPT32.dll
[1108/235258.331:ERROR:process_memory_win.cc(73)] ReadMemory at 0x7ffb4afc0000 of 64 bytes failed: Only part of a ReadProcessMemory or WriteProcessMemory request was completed. (0x12B)
[1108/235258.331:WARNING:pe_image_reader.cc(340)] could not read dos header from C:\WINDOWS\SYSTEM32\dbghelp.dll
[1108/235258.331:ERROR:process_memory_win.cc(73)] ReadMemory at 0x7ffb4bd40000 of 64 bytes failed: Only part of a ReadProcessMemory or WriteProcessMemory request was completed. (0x12B)
[1108/235258.331:WARNING:pe_image_reader.cc(340)] could not read dos header from C:\WINDOWS\SYSTEM32\IPHLPAPI.DLL
[1108/235258.331:ERROR:process_memory_win.cc(73)] ReadMemory at 0x7ffb49110000 of 64 bytes failed: Only part of a ReadProcessMemory or WriteProcessMemory request was completed. (0x12B)
[1108/235258.331:WARNING:pe_image_reader.cc(340)] could not read dos header from C:\WINDOWS\SYSTEM32\WINMM.dll
[1108/235258.331:ERROR:process_memory_win.cc(73)] ReadMemory at 0x7ffb26f00000 of 64 bytes failed: Only part of a ReadProcessMemory or WriteProcessMemory request was completed. (0x12B)
[1108/235258.331:WARNING:pe_image_reader.cc(340)] could not read dos header from C:\WINDOWS\SYSTEM32\UIAutomationCore.DLL
[1108/235258.331:ERROR:process_memory_win.cc(73)] ReadMemory at 0x7ffb39220000 of 64 bytes failed: Only part of a ReadProcessMemory or WriteProcessMemory request was completed. (0x12B)
[1108/235258.331:WARNING:pe_image_reader.cc(340)] could not read dos header from C:\WINDOWS\SYSTEM32\Secur32.dll
[1108/235258.331:ERROR:process_memory_win.cc(73)] ReadMemory at 0x7ffb4c760000 of 64 bytes failed: Only part of a ReadProcessMemory or WriteProcessMemory request was completed. (0x12B)
[1108/235258.331:WARNING:pe_image_reader.cc(340)] could not read dos header from C:\WINDOWS\SYSTEM32\USERENV.dll
[1108/235258.331:ERROR:process_memory_win.cc(73)] ReadMemory at 0x7ffb4c8e0000 of 64 bytes failed: Only part of a ReadProcessMemory or WriteProcessMemory request was completed. (0x12B)
[1108/235258.331:WARNING:pe_image_reader.cc(340)] could not read dos header from C:\WINDOWS\System32\profapi.dll
[1108/235258.331:ERROR:process_memory_win.cc(73)] ReadMemory at 0x7ffb36fb0000 of 64 bytes failed: Only part of a ReadProcessMemory or WriteProcessMemory request was completed. (0x12B)
[1108/235258.331:WARNING:pe_image_reader.cc(340)] could not read dos header from C:\WINDOWS\SYSTEM32\DWrite.dll
[1108/235258.331:ERROR:process_memory_win.cc(73)] ReadMemory at 0x7ffb43d50000 of 64 bytes failed: Only part of a ReadProcessMemory or WriteProcessMemory request was completed. (0x12B)
[1108/235258.331:WARNING:pe_image_reader.cc(340)] could not read dos header from C:\WINDOWS\SYSTEM32\WINSPOOL.DRV
[1108/235258.331:ERROR:process_memory_win.cc(73)] ReadMemory at 0x7ffb4c8a0000 of 64 bytes failed: Only part of a ReadProcessMemory or WriteProcessMemory request was completed. (0x12B)
[1108/235258.331:WARNING:pe_image_reader.cc(340)] could not read dos header from C:\WINDOWS\System32\kernel.appcore.dll
[1108/235258.331:ERROR:process_memory_win.cc(73)] ReadMemory at 0x7ffb4d860000 of 64 bytes failed: Only part of a ReadProcessMemory or WriteProcessMemory request was completed. (0x12B)
[1108/235258.331:WARNING:pe_image_reader.cc(340)] could not read dos header from C:\WINDOWS\System32\bcrypt.dll
[1108/235258.331:ERROR:process_memory_win.cc(73)] ReadMemory at 0x7ffb42a10000 of 64 bytes failed: Only part of a ReadProcessMemory or WriteProcessMemory request was completed. (0x12B)
[1108/235258.331:WARNING:pe_image_reader.cc(340)] could not read dos header from C:\WINDOWS\SYSTEM32\WINHTTP.dll
[1108/235258.331:ERROR:process_memory_win.cc(73)] ReadMemory at 0x7ffb42160000 of 64 bytes failed: Only part of a ReadProcessMemory or WriteProcessMemory request was completed. (0x12B)
[1108/235258.331:WARNING:pe_image_reader.cc(340)] could not read dos header from C:\WINDOWS\SYSTEM32\dhcpcsvc.DLL
[1108/235258.331:ERROR:process_memory_win.cc(73)] ReadMemory at 0x7ffb4e090000 of 64 bytes failed: Only part of a ReadProcessMemory or WriteProcessMemory request was completed. (0x12B)
[1108/235258.331:WARNING:pe_image_reader.cc(340)] could not read dos header from C:\WINDOWS\System32\NSI.dll
[1108/235258.331:ERROR:process_memory_win.cc(73)] ReadMemory at 0x7ffb49000000 of 64 bytes failed: Only part of a ReadProcessMemory or WriteProcessMemory request was completed. (0x12B)
[1108/235258.331:WARNING:pe_image_reader.cc(340)] could not read dos header from C:\WINDOWS\SYSTEM32\WINMMBASE.dll
[1108/235258.331:ERROR:process_memory_win.cc(73)] ReadMemory at 0x7ffb4c910000 of 64 bytes failed: Only part of a ReadProcessMemory or WriteProcessMemory request was completed. (0x12B)
[1108/235258.331:WARNING:pe_image_reader.cc(340)] could not read dos header from C:\WINDOWS\System32\cfgmgr32.dll
[1108/235258.331:ERROR:process_memory_win.cc(73)] ReadMemory at 0x7ffb49e80000 of 64 bytes failed: Only part of a ReadProcessMemory or WriteProcessMemory request was completed. (0x12B)
[1108/235258.331:WARNING:pe_image_reader.cc(340)] could not read dos header from C:\WINDOWS\SYSTEM32\PROPSYS.dll
[1108/235258.331:ERROR:process_memory_win.cc(73)] ReadMemory at 0x7ffb4eed0000 of 64 bytes failed: Only part of a ReadProcessMemory or WriteProcessMemory request was completed. (0x12B)
[1108/235258.331:WARNING:pe_image_reader.cc(340)] could not read dos header from C:\WINDOWS\System32\shcore.dll
[1108/235258.331:ERROR:process_memory_win.cc(73)] ReadMemory at 0x7ffb4c720000 of 64 bytes failed: Only part of a ReadProcessMemory or WriteProcessMemory request was completed. (0x12B)
[1108/235258.331:WARNING:pe_image_reader.cc(340)] could not read dos header from C:\WINDOWS\SYSTEM32\SSPICLI.DLL
[1108/235258.331:ERROR:process_memory_win.cc(73)] ReadMemory at 0x7ffb4c260000 of 64 bytes failed: Only part of a ReadProcessMemory or WriteProcessMemory request was completed. (0x12B)
[1108/235258.331:WARNING:pe_image_reader.cc(340)] could not read dos header from C:\WINDOWS\SYSTEM32\CRYPTBASE.DLL
[1108/235258.331:ERROR:process_memory_win.cc(73)] ReadMemory at 0x7ff653960000 of 64 bytes failed: Only part of a ReadProcessMemory or WriteProcessMemory request was completed. (0x12B)
[1108/235258.331:WARNING:pe_image_reader.cc(340)] could not read dos header from C:\Program Files (x86)\Google\Chrome\Application\chrome.exe
[1108/235258.331:ERROR:process_memory_win.cc(73)] ReadMemory at 0x7ffb4f980000 of 64 bytes failed: Only part of a ReadProcessMemory or WriteProcessMemory request was completed. (0x12B)
[1108/235258.331:WARNING:pe_image_reader.cc(340)] could not read dos header from C:\WINDOWS\SYSTEM32\ntdll.dll
[1108/235258.331:ERROR:process_memory_win.cc(73)] ReadMemory at 0x7ffb4e220000 of 64 bytes failed: Only part of a ReadProcessMemory or WriteProcessMemory request was completed. (0x12B)
[1108/235258.331:WARNING:pe_image_reader.cc(340)] could not read dos header from C:\WINDOWS\System32\KERNEL32.DLL
[1108/235258.331:ERROR:process_memory_win.cc(73)] ReadMemory at 0x7ffb4cab0000 of 64 bytes failed: Only part of a ReadProcessMemory or WriteProcessMemory request was completed. (0x12B)
[1108/235258.331:WARNING:pe_image_reader.cc(340)] could not read dos header from C:\WINDOWS\System32\KERNELBASE.dll
[1108/235258.331:ERROR:process_memory_win.cc(73)] ReadMemory at 0x7ffb219b0000 of 64 bytes failed: Only part of a ReadProcessMemory or WriteProcessMemory request was completed. (0x12B)
[1108/235258.331:WARNING:pe_image_reader.cc(340)] could not read dos header from C:\Program Files (x86)\Google\Chrome\Application\86.0.4240.183\chrome_elf.dll
[1108/235258.331:ERROR:process_memory_win.cc(73)] ReadMemory at 0x7ffb43de0000 of 64 bytes failed: Only part of a ReadProcessMemory or WriteProcessMemory request was completed. (0x12B)
[1108/235258.331:WARNING:pe_image_reader.cc(340)] could not read dos header from C:\WINDOWS\SYSTEM32\VERSION.dll
[1108/235258.331:ERROR:process_memory_win.cc(73)] ReadMemory at 0x7ffb4e180000 of 64 bytes failed: Only part of a ReadProcessMemory or WriteProcessMemory request was completed. (0x12B)
[1108/235258.331:WARNING:pe_image_reader.cc(340)] could not read dos header from C:\WINDOWS\System32\msvcrt.dll
[1108/235258.331:ERROR:process_memory_win.cc(73)] ReadMemory at 0x7ffb4cd60000 of 64 bytes failed: Only part of a ReadProcessMemory or WriteProcessMemory request was completed. (0x12B)
[1108/235258.331:WARNING:pe_image_reader.cc(340)] could not read dos header from C:\WINDOWS\System32\bcryptPrimitives.dll
[1108/235258.331:ERROR:process_memory_win.cc(73)] ReadMemory at 0x7ffb4ef80000 of 64 bytes failed: Only part of a ReadProcessMemory or WriteProcessMemory request was completed. (0x12B)
[1108/235258.331:WARNING:pe_image_reader.cc(340)] could not read dos header from C:\WINDOWS\System32\ADVAPI32.dll
[1108/235258.331:ERROR:process_memory_win.cc(73)] ReadMemory at 0x7ffb4f670000 of 64 bytes failed: Only part of a ReadProcessMemory or WriteProcessMemory request was completed. (0x12B)
[1108/235258.331:WARNING:pe_image_reader.cc(340)] could not read dos header from C:\WINDOWS\System32\sechost.dll
[1108/235258.331:ERROR:process_memory_win.cc(73)] ReadMemory at 0x7ffb4f550000 of 64 bytes failed: Only part of a ReadProcessMemory or WriteProcessMemory request was completed. (0x12B)
[1108/235258.331:WARNING:pe_image_reader.cc(340)] could not read dos header from C:\WINDOWS\System32\RPCRT4.dll
[1108/235258.331:ERROR:process_memory_win.cc(73)] ReadMemory at 0x7ffaf9160000 of 64 bytes failed: Only part of a ReadProcessMemory or WriteProcessMemory request was completed. (0x12B)
[1108/235258.331:WARNING:pe_image_reader.cc(340)] could not read dos header from C:\Program Files (x86)\Google\Chrome\Application\86.0.4240.183\chrome.dll
[1108/235258.331:ERROR:process_memory_win.cc(73)] ReadMemory at 0x7ffb4f4e0000 of 64 bytes failed: Only part of a ReadProcessMemory or WriteProcessMemory request was completed. (0x12B)
[1108/235258.331:WARNING:pe_image_reader.cc(340)] could not read dos header from C:\WINDOWS\System32\WS2_32.dll
[1108/235258.331:ERROR:process_memory_win.cc(73)] ReadMemory at 0x7ffb4e0b0000 of 64 bytes failed: Only part of a ReadProcessMemory or WriteProcessMemory request was completed. (0x12B)
[1108/235258.331:WARNING:pe_image_reader.cc(340)] could not read dos header from C:\WINDOWS\System32\OLEAUT32.dll
[1108/235258.331:ERROR:process_memory_win.cc(73)] ReadMemory at 0x7ffb4d990000 of 64 bytes failed: Only part of a ReadProcessMemory or WriteProcessMemory request was completed. (0x12B)
[1108/235258.331:WARNING:pe_image_reader.cc(340)] could not read dos header from C:\WINDOWS\System32\msvcp_win.dll
[1108/235258.331:ERROR:process_memory_win.cc(73)] ReadMemory at 0x7ffb4d890000 of 64 bytes failed: Only part of a ReadProcessMemory or WriteProcessMemory request was completed. (0x12B)
[1108/235258.331:WARNING:pe_image_reader.cc(340)] could not read dos header from C:\WINDOWS\System32\ucrtbase.dll
[1108/235258.331:ERROR:process_memory_win.cc(73)] ReadMemory at 0x21437400000 of 64 bytes failed: Only part of a ReadProcessMemory or WriteProcessMemory request was completed. (0x12B)
[1108/235258.331:WARNING:pe_image_reader.cc(340)] could not read dos header from C:\WINDOWS\System32\combase.dll
[1108/235258.331:ERROR:process_memory_win.cc(73)] ReadMemory at 0x7ffb4d800000 of 64 bytes failed: Only part of a ReadProcessMemory or WriteProcessMemory request was completed. (0x12B)
[1108/235258.331:WARNING:pe_image_reader.cc(340)] could not read dos header from C:\WINDOWS\System32\WINTRUST.dll
[1108/235258.331:ERROR:process_memory_win.cc(73)] ReadMemory at 0x7ffb4c8c0000 of 64 bytes failed: Only part of a ReadProcessMemory or WriteProcessMemory request was completed. (0x12B)
[1108/235258.331:WARNING:pe_image_reader.cc(340)] could not read dos header from C:\WINDOWS\System32\MSASN1.dll
[1108/235258.331:ERROR:process_memory_win.cc(73)] ReadMemory at 0x7ffb4c960000 of 64 bytes failed: Only part of a ReadProcessMemory or WriteProcessMemory request was completed. (0x12B)
[1108/235258.331:WARNING:pe_image_reader.cc(340)] could not read dos header from C:\WINDOWS\System32\CRYPT32.dll
[1108/235258.331:ERROR:process_memory_win.cc(73)] ReadMemory at 0x7ffb4afc0000 of 64 bytes failed: Only part of a ReadProcessMemory or WriteProcessMemory request was completed. (0x12B)
[1108/235258.331:WARNING:pe_image_reader.cc(340)] could not read dos header from C:\WINDOWS\SYSTEM32\dbghelp.dll
[1108/235258.331:ERROR:process_memory_win.cc(73)] ReadMemory at 0x7ffb4bd40000 of 64 bytes failed: Only part of a ReadProcessMemory or WriteProcessMemory request was completed. (0x12B)
[1108/235258.331:WARNING:pe_image_reader.cc(340)] could not read dos header from C:\WINDOWS\SYSTEM32\IPHLPAPI.DLL
[1108/235258.331:ERROR:process_memory_win.cc(73)] ReadMemory at 0x7ffb49110000 of 64 bytes failed: Only part of a ReadProcessMemory or WriteProcessMemory request was completed. (0x12B)
[1108/235258.331:WARNING:pe_image_reader.cc(340)] could not read dos header from C:\WINDOWS\SYSTEM32\WINMM.dll
[1108/235258.331:ERROR:process_memory_win.cc(73)] ReadMemory at 0x7ffb26f00000 of 64 bytes failed: Only part of a ReadProcessMemory or WriteProcessMemory request was completed. (0x12B)
[1108/235258.331:WARNING:pe_image_reader.cc(340)] could not read dos header from C:\WINDOWS\SYSTEM32\UIAutomationCore.DLL
[1108/235258.331:ERROR:process_memory_win.cc(73)] ReadMemory at 0x7ffb39220000 of 64 bytes failed: Only part of a ReadProcessMemory or WriteProcessMemory request was completed. (0x12B)
[1108/235258.331:WARNING:pe_image_reader.cc(340)] could not read dos header from C:\WINDOWS\SYSTEM32\Secur32.dll
[1108/235258.331:ERROR:process_memory_win.cc(73)] ReadMemory at 0x7ffb4c760000 of 64 bytes failed: Only part of a ReadProcessMemory or WriteProcessMemory request was completed. (0x12B)
[1108/235258.331:WARNING:pe_image_reader.cc(340)] could not read dos header from C:\WINDOWS\SYSTEM32\USERENV.dll
[1108/235258.331:ERROR:process_memory_win.cc(73)] ReadMemory at 0x7ffb4c8e0000 of 64 bytes failed: Only part of a ReadProcessMemory or WriteProcessMemory request was completed. (0x12B)
[1108/235258.331:WARNING:pe_image_reader.cc(340)] could not read dos header from C:\WINDOWS\System32\profapi.dll
[1108/235258.331:ERROR:process_memory_win.cc(73)] ReadMemory at 0x7ffb36fb0000 of 64 bytes failed: Only part of a ReadProcessMemory or WriteProcessMemory request was completed. (0x12B)
[1108/235258.331:WARNING:pe_image_reader.cc(340)] could not read dos header from C:\WINDOWS\SYSTEM32\DWrite.dll
[1108/235258.331:ERROR:process_memory_win.cc(73)] ReadMemory at 0x7ffb43d50000 of 64 bytes failed: Only part of a ReadProcessMemory or WriteProcessMemory request was completed. (0x12B)
[1108/235258.331:WARNING:pe_image_reader.cc(340)] could not read dos header from C:\WINDOWS\SYSTEM32\WINSPOOL.DRV
[1108/235258.331:ERROR:process_memory_win.cc(73)] ReadMemory at 0x7ffb4c8a0000 of 64 bytes failed: Only part of a ReadProcessMemory or WriteProcessMemory request was completed. (0x12B)
[1108/235258.331:WARNING:pe_image_reader.cc(340)] could not read dos header from C:\WINDOWS\System32\kernel.appcore.dll
[1108/235258.331:ERROR:process_memory_win.cc(73)] ReadMemory at 0x7ffb4d860000 of 64 bytes failed: Only part of a ReadProcessMemory or WriteProcessMemory request was completed. (0x12B)
[1108/235258.331:WARNING:pe_image_reader.cc(340)] could not read dos header from C:\WINDOWS\System32\bcrypt.dll
[1108/235258.331:ERROR:process_memory_win.cc(73)] ReadMemory at 0x7ffb42a10000 of 64 bytes failed: Only part of a ReadProcessMemory or WriteProcessMemory request was completed. (0x12B)
[1108/235258.331:WARNING:pe_image_reader.cc(340)] could not read dos header from C:\WINDOWS\SYSTEM32\WINHTTP.dll
[1108/235258.331:ERROR:process_memory_win.cc(73)] ReadMemory at 0x7ffb42160000 of 64 bytes failed: Only part of a ReadProcessMemory or WriteProcessMemory request was completed. (0x12B)
[1108/235258.331:WARNING:pe_image_reader.cc(340)] could not read dos header from C:\WINDOWS\SYSTEM32\dhcpcsvc.DLL
[1108/235258.331:ERROR:process_memory_win.cc(73)] ReadMemory at 0x7ffb4e090000 of 64 bytes failed: Only part of a ReadProcessMemory or WriteProcessMemory request was completed. (0x12B)
[1108/235258.331:WARNING:pe_image_reader.cc(340)] could not read dos header from C:\WINDOWS\System32\NSI.dll
[1108/235258.331:ERROR:process_memory_win.cc(73)] ReadMemory at 0x7ffb49000000 of 64 bytes failed: Only part of a ReadProcessMemory or WriteProcessMemory request was completed. (0x12B)
[1108/235258.331:WARNING:pe_image_reader.cc(340)] could not read dos header from C:\WINDOWS\SYSTEM32\WINMMBASE.dll
[1108/235258.331:ERROR:process_memory_win.cc(73)] ReadMemory at 0x7ffb4c910000 of 64 bytes failed: Only part of a ReadProcessMemory or WriteProcessMemory request was completed. (0x12B)
[1108/235258.331:WARNING:pe_image_reader.cc(340)] could not read dos header from C:\WINDOWS\System32\cfgmgr32.dll
[1108/235258.331:ERROR:process_memory_win.cc(73)] ReadMemory at 0x7ffb49e80000 of 64 bytes failed: Only part of a ReadProcessMemory or WriteProcessMemory request was completed. (0x12B)
[1108/235258.331:WARNING:pe_image_reader.cc(340)] could not read dos header from C:\WINDOWS\SYSTEM32\PROPSYS.dll
[1108/235258.331:ERROR:process_memory_win.cc(73)] ReadMemory at 0x7ffb4eed0000 of 64 bytes failed: Only part of a ReadProcessMemory or WriteProcessMemory request was completed. (0x12B)
[1108/235258.331:WARNING:pe_image_reader.cc(340)] could not read dos header from C:\WINDOWS\System32\shcore.dll
[1108/235258.331:ERROR:process_memory_win.cc(73)] ReadMemory at 0x7ffb4c720000 of 64 bytes failed: Only part of a ReadProcessMemory or WriteProcessMemory request was completed. (0x12B)
[1108/235258.331:WARNING:pe_image_reader.cc(340)] could not read dos header from C:\WINDOWS\SYSTEM32\SSPICLI.DLL
[1108/235258.331:ERROR:process_memory_win.cc(73)] ReadMemory at 0x7ffb4c260000 of 64 bytes failed: Only part of a ReadProcessMemory or WriteProcessMemory request was completed. (0x12B)
[1108/235258.331:WARNING:pe_image_reader.cc(340)] could not read dos header from C:\WINDOWS\SYSTEM32\CRYPTBASE.DLL
[1108/235258.347:ERROR:process_memory_win.cc(73)] ReadMemory at 0x4aa3de1000 of 126976 bytes failed: Only part of a ReadProcessMemory or WriteProcessMemory request was completed. (0x12B)
[1108/235258.394:ERROR:process_memory_win.cc(73)] ReadMemory at 0x4aa45fe000 of 8192 bytes failed: Only part of a ReadProcessMemory or WriteProcessMemory request was completed. (0x12B)
[1108/235258.394:ERROR:process_memory_win.cc(73)] ReadMemory at 0x4aa55fe000 of 8192 bytes failed: Only part of a ReadProcessMemory or WriteProcessMemory request was completed. (0x12B)
[1108/235258.394:ERROR:process_memory_win.cc(73)] ReadMemory at 0x4aa65fd000 of 12288 bytes failed: Only part of a ReadProcessMemory or WriteProcessMemory request was completed. (0x12B)
[1108/235258.394:ERROR:process_memory_win.cc(73)] ReadMemory at 0x4aa6dfe000 of 8192 bytes failed: Only part of a ReadProcessMemory or WriteProcessMemory request was completed. (0x12B)
[1108/235258.394:ERROR:process_memory_win.cc(73)] ReadMemory at 0x4aa75fe000 of 8192 bytes failed: Only part of a ReadProcessMemory or WriteProcessMemory request was completed. (0x12B)
[1108/235258.394:ERROR:process_memory_win.cc(73)] ReadMemory at 0x4aa7dfc000 of 16384 bytes failed: Only part of a ReadProcessMemory or WriteProcessMemory request was completed. (0x12B)
[1108/235258.394:ERROR:process_memory_win.cc(73)] ReadMemory at 0x4aa8dfe000 of 8192 bytes failed: Only part of a ReadProcessMemory or WriteProcessMemory request was completed. (0x12B)
[1108/235258.394:ERROR:process_memory_win.cc(73)] ReadMemory at 0x4aa95fc000 of 16384 bytes failed: Only part of a ReadProcessMemory or WriteProcessMemory request was completed. (0x12B)
[1108/235258.394:ERROR:process_memory_win.cc(73)] ReadMemory at 0x4aa9dfc000 of 16384 bytes failed: Only part of a ReadProcessMemory or WriteProcessMemory request was completed. (0x12B)
[1108/235258.394:ERROR:process_memory_win.cc(73)] ReadMemory at 0x4aaa5fe000 of 8192 bytes failed: Only part of a ReadProcessMemory or WriteProcessMemory request was completed. (0x12B)
[1108/235258.394:ERROR:process_memory_win.cc(73)] ReadMemory at 0x4aa85fe000 of 8192 bytes failed: Only part of a ReadProcessMemory or WriteProcessMemory request was completed. (0x12B)
[1108/235258.394:ERROR:process_memory_win.cc(73)] ReadMemory at 0x4aa4df6000 of 40960 bytes failed: Only part of a ReadProcessMemory or WriteProcessMemory request was completed. (0x12B)
[1108/235258.394:ERROR:process_memory_win.cc(73)] ReadMemory at 0x4aa5dfc000 of 16384 bytes failed: Only part of a ReadProcessMemory or WriteProcessMemory request was completed. (0x12B)
[1108/235258.394:ERROR:process_memory_win.cc(73)] ReadMemory at 0x4aaadfc000 of 16384 bytes failed: Only part of a ReadProcessMemory or WriteProcessMemory request was completed. (0x12B)
[1108/235258.394:ERROR:process_memory_win.cc(73)] ReadMemory at 0x4aab5ff000 of 4096 bytes failed: Only part of a ReadProcessMemory or WriteProcessMemory request was completed. (0x12B)
[1108/235258.394:ERROR:process_memory_win.cc(73)] ReadMemory at 0x4aa35c5000 of 852 bytes failed: Only part of a ReadProcessMemory or WriteProcessMemory request was completed. (0x12B)
[1108/235258.425:ERROR:process_memory_win.cc(73)] ReadMemory at 0x4aa35c6000 of 6024 bytes failed: Only part of a ReadProcessMemory or WriteProcessMemory request was completed. (0x12B)
[1108/235258.425:ERROR:process_memory_win.cc(73)] ReadMemory at 0x4aa35c8000 of 6024 bytes failed: Only part of a ReadProcessMemory or WriteProcessMemory request was completed. (0x12B)
[1108/235258.425:ERROR:process_memory_win.cc(73)] ReadMemory at 0x4aa35cc000 of 6024 bytes failed: Only part of a ReadProcessMemory or WriteProcessMemory request was completed. (0x12B)
[1108/235258.425:ERROR:process_memory_win.cc(73)] ReadMemory at 0x4aa35ce000 of 6024 bytes failed: Only part of a ReadProcessMemory or WriteProcessMemory request was completed. (0x12B)
[1108/235258.425:ERROR:process_memory_win.cc(73)] ReadMemory at 0x4aa35d2000 of 6024 bytes failed: Only part of a ReadProcessMemory or WriteProcessMemory request was completed. (0x12B)
[1108/235258.425:ERROR:process_memory_win.cc(73)] ReadMemory at 0x4aa35d4000 of 6024 bytes failed: Only part of a ReadProcessMemory or WriteProcessMemory request was completed. (0x12B)
[1108/235258.425:ERROR:process_memory_win.cc(73)] ReadMemory at 0x4aa35d6000 of 6024 bytes failed: Only part of a ReadProcessMemory or WriteProcessMemory request was completed. (0x12B)
[1108/235258.425:ERROR:process_memory_win.cc(73)] ReadMemory at 0x4aa35da000 of 6024 bytes failed: Only part of a ReadProcessMemory or WriteProcessMemory request was completed. (0x12B)
[1108/235258.425:ERROR:process_memory_win.cc(73)] ReadMemory at 0x4aa35dc000 of 6024 bytes failed: Only part of a ReadProcessMemory or WriteProcessMemory request was completed. (0x12B)
[1108/235258.425:ERROR:process_memory_win.cc(73)] ReadMemory at 0x4aa35de000 of 6024 bytes failed: Only part of a ReadProcessMemory or WriteProcessMemory request was completed. (0x12B)
[1108/235258.425:ERROR:process_memory_win.cc(73)] ReadMemory at 0x4aa35e0000 of 6024 bytes failed: Only part of a ReadProcessMemory or WriteProcessMemory request was completed. (0x12B)
[1108/235258.425:ERROR:process_memory_win.cc(73)] ReadMemory at 0x4aa35e4000 of 6024 bytes failed: Only part of a ReadProcessMemory or WriteProcessMemory request was completed. (0x12B)
[1108/235258.425:ERROR:process_memory_win.cc(73)] ReadMemory at 0x4aa35ea000 of 6024 bytes failed: Only part of a ReadProcessMemory or WriteProcessMemory request was completed. (0x12B)
[1108/235258.425:ERROR:process_memory_win.cc(73)] ReadMemory at 0x4aa35ee000 of 6024 bytes failed: Only part of a ReadProcessMemory or WriteProcessMemory request was completed. (0x12B)
[1108/235258.425:ERROR:process_memory_win.cc(73)] ReadMemory at 0x4aa35f0000 of 6024 bytes failed: Only part of a ReadProcessMemory or WriteProcessMemory request was completed. (0x12B)
[1108/235258.425:ERROR:process_memory_win.cc(73)] ReadMemory at 0x4aa35f2000 of 6024 bytes failed: Only part of a ReadProcessMemory or WriteProcessMemory request was completed. (0x12B)
[1108/235258.425:ERROR:process_memory_win.cc(73)] ReadMemory at 0x21436dc1fc0 of 512 bytes failed: Only part of a ReadProcessMemory or WriteProcessMemory request was completed. (0x12B)
[1108/235258.425:ERROR:process_memory_win.cc(73)] ReadMemory at 0x21436df0fe0 of 21132 bytes failed: Only part of a ReadProcessMemory or WriteProcessMemory request was completed. (0x12B)
[1108/235258.425:ERROR:process_memory_win.cc(73)] ReadMemory at 0x21436df6280 of 1012 bytes failed: Only part of a ReadProcessMemory or WriteProcessMemory request was completed. (0x12B)
[1108/235258.529:ERROR:process_memory_win.cc(73)] ReadMemory at 0x21436df68c8 of 118 bytes failed: Only part of a ReadProcessMemory or WriteProcessMemory request was completed. (0x12B)
[1108/235258.607:ERROR:process_memory_win.cc(73)] ReadMemory at 0x21436df6940 of 710 bytes failed: Only part of a ReadProcessMemory or WriteProcessMemory request was completed. (0x12B)
[1108/235258.607:ERROR:process_memory_win.cc(73)] ReadMemory at 0x21436df6c08 of 118 bytes failed: Only part of a ReadProcessMemory or WriteProcessMemory request was completed. (0x12B)
[1108/235258.607:ERROR:process_memory_win.cc(73)] ReadMemory at 0x21436df6c80 of 98 bytes failed: Only part of a ReadProcessMemory or WriteProcessMemory request was completed. (0x12B)
[1108/235258.607:ERROR:process_memory_win.cc(73)] ReadMemory at 0x21436df6cf0 of 58 bytes failed: Only part of a ReadProcessMemory or WriteProcessMemory request was completed. (0x12B)
[1108/235258.607:ERROR:process_memory_win.cc(73)] ReadMemory at 0x21436df6df0 of 132 bytes failed: Only part of a ReadProcessMemory or WriteProcessMemory request was completed. (0x12B)
[1108/235258.607:ERROR:process_memory_win.cc(73)] ReadMemory at 0x21436df6f80 of 132 bytes failed: Only part of a ReadProcessMemory or WriteProcessMemory request was completed. (0x12B)
[1108/235258.607:ERROR:process_memory_win.cc(73)] ReadMemory at 0x21436df7140 of 126 bytes failed: Only part of a ReadProcessMemory or WriteProcessMemory request was completed. (0x12B)
[1108/235258.607:ERROR:process_memory_win.cc(73)] ReadMemory at 0x21436df7640 of 132 bytes failed: Only part of a ReadProcessMemory or WriteProcessMemory request was completed. (0x12B)
[1108/235258.607:ERROR:process_memory_win.cc(73)] ReadMemory at 0x21436df77d0 of 64 bytes failed: Only part of a ReadProcessMemory or WriteProcessMemory request was completed. (0x12B)
[1108/235258.693:ERROR:process_memory_win.cc(73)] ReadMemory at 0x21436df7820 of 132 bytes failed: Only part of a ReadProcessMemory or WriteProcessMemory request was completed. (0x12B)
[1108/235258.701:ERROR:process_memory_win.cc(73)] ReadMemory at 0x21436df7c30 of 132 bytes failed: Only part of a ReadProcessMemory or WriteProcessMemory request was completed. (0x12B)
[1108/235258.701:ERROR:process_memory_win.cc(73)] ReadMemory at 0x21436df7dc0 of 68 bytes failed: Only part of a ReadProcessMemory or WriteProcessMemory request was completed. (0x12B)
[1108/235258.701:ERROR:process_memory_win.cc(73)] ReadMemory at 0x21436df8f00 of 132 bytes failed: Only part of a ReadProcessMemory or WriteProcessMemory request was completed. (0x12B)
[1108/235258.749:ERROR:process_memory_win.cc(73)] ReadMemory at 0x21436df9030 of 154 bytes failed: Only part of a ReadProcessMemory or WriteProcessMemory request was completed. (0x12B)
[1108/235258.749:ERROR:process_memory_win.cc(73)] ReadMemory at 0x21436dfb7f0 of 62 bytes failed: Only part of a ReadProcessMemory or WriteProcessMemory request was completed. (0x12B)
[1108/235258.749:ERROR:process_memory_win.cc(73)] ReadMemory at 0x21436dfb950 of 132 bytes failed: Only part of a ReadProcessMemory or WriteProcessMemory request was completed. (0x12B)
[1108/235258.785:ERROR:process_memory_win.cc(73)] ReadMemory at 0x21436dfbae0 of 60 bytes failed: Only part of a ReadProcessMemory or WriteProcessMemory request was completed. (0x12B)
[1108/235258.785:ERROR:process_memory_win.cc(73)] ReadMemory at 0x21436e0a840 of 54 bytes failed: Only part of a ReadProcessMemory or WriteProcessMemory request was completed. (0x12B)
[1108/235258.787:ERROR:process_memory_win.cc(73)] ReadMemory at 0x21436e0b7c0 of 80 bytes failed: Only part of a ReadProcessMemory or WriteProcessMemory request was completed. (0x12B)
[1108/235258.788:ERROR:process_memory_win.cc(73)] ReadMemory at 0x21436e0ee80 of 132 bytes failed: Only part of a ReadProcessMemory or WriteProcessMemory request was completed. (0x12B)
[1108/235258.788:ERROR:process_memory_win.cc(73)] ReadMemory at 0x21436e0fbb0 of 132 bytes failed: Only part of a ReadProcessMemory or WriteProcessMemory request was completed. (0x12B)
[1108/235258.788:ERROR:process_memory_win.cc(73)] ReadMemory at 0x21436e0fcf0 of 132 bytes failed: Only part of a ReadProcessMemory or WriteProcessMemory request was completed. (0x12B)
[1108/235258.788:ERROR:process_memory_win.cc(73)] ReadMemory at 0x21436e102f0 of 80 bytes failed: Only part of a ReadProcessMemory or WriteProcessMemory request was completed. (0x12B)
[1108/235258.788:ERROR:process_memory_win.cc(73)] ReadMemory at 0x21436e10950 of 76 bytes failed: Only part of a ReadProcessMemory or WriteProcessMemory request was completed. (0x12B)
[1108/235258.851:ERROR:process_memory_win.cc(73)] ReadMemory at 0x21436e12030 of 132 bytes failed: Only part of a ReadProcessMemory or WriteProcessMemory request was completed. (0x12B)
[1108/235258.851:ERROR:process_memory_win.cc(73)] ReadMemory at 0x21436e16fa0 of 132 bytes failed: Only part of a ReadProcessMemory or WriteProcessMemory request was completed. (0x12B)
[1108/235258.851:ERROR:process_memory_win.cc(73)] ReadMemory at 0x21436e171c0 of 132 bytes failed: Only part of a ReadProcessMemory or WriteProcessMemory request was completed. (0x12B)
[1108/235258.851:ERROR:process_memory_win.cc(73)] ReadMemory at 0x21436e17670 of 60 bytes failed: Only part of a ReadProcessMemory or WriteProcessMemory request was completed. (0x12B)
[1108/235258.851:ERROR:process_memory_win.cc(73)] ReadMemory at 0x21436e17760 of 60 bytes failed: Only part of a ReadProcessMemory or WriteProcessMemory request was completed. (0x12B)
[1108/235258.851:ERROR:process_memory_win.cc(73)] ReadMemory at 0x21436e17800 of 62 bytes failed: Only part of a ReadProcessMemory or WriteProcessMemory request was completed. (0x12B)
[1108/235258.851:ERROR:process_memory_win.cc(73)] ReadMemory at 0x21436e178f0 of 64 bytes failed: Only part of a ReadProcessMemory or WriteProcessMemory request was completed. (0x12B)
[1108/235258.851:ERROR:process_memory_win.cc(73)] ReadMemory at 0x21436e17940 of 62 bytes failed: Only part of a ReadProcessMemory or WriteProcessMemory request was completed. (0x12B)
[1108/235258.851:ERROR:process_memory_win.cc(73)] ReadMemory at 0x21436e17a30 of 62 bytes failed: Only part of a ReadProcessMemory or WriteProcessMemory request was completed. (0x12B)
[1108/235258.851:ERROR:process_memory_win.cc(73)] ReadMemory at 0x21436e17a80 of 64 bytes failed: Only part of a ReadProcessMemory or WriteProcessMemory request was completed. (0x12B)
[1108/235258.851:ERROR:process_memory_win.cc(73)] ReadMemory at 0x21436e17ad0 of 62 bytes failed: Only part of a ReadProcessMemory or WriteProcessMemory request was completed. (0x12B)
[1108/235258.852:ERROR:process_memory_win.cc(73)] ReadMemory at 0x21436e17b20 of 64 bytes failed: Only part of a ReadProcessMemory or WriteProcessMemory request was completed. (0x12B)
[1108/235258.852:ERROR:process_memory_win.cc(73)] ReadMemory at 0x21436e17d50 of 60 bytes failed: Only part of a ReadProcessMemory or WriteProcessMemory request was completed. (0x12B)
[1108/235258.852:ERROR:process_memory_win.cc(73)] ReadMemory at 0x21436e17da0 of 60 bytes failed: Only part of a ReadProcessMemory or WriteProcessMemory request was completed. (0x12B)
[1108/235258.852:ERROR:process_memory_win.cc(73)] ReadMemory at 0x21436e17e40 of 58 bytes failed: Only part of a ReadProcessMemory or WriteProcessMemory request was completed. (0x12B)
[1108/235258.852:ERROR:process_memory_win.cc(73)] ReadMemory at 0x21436e17e90 of 64 bytes failed: Only part of a ReadProcessMemory or WriteProcessMemory request was completed. (0x12B)
[1108/235258.852:ERROR:process_memory_win.cc(73)] ReadMemory at 0x21436e17ee0 of 62 bytes failed: Only part of a ReadProcessMemory or WriteProcessMemory request was completed. (0x12B)
[1108/235258.852:ERROR:process_memory_win.cc(73)] ReadMemory at 0x21436e17f80 of 62 bytes failed: Only part of a ReadProcessMemory or WriteProcessMemory request was completed. (0x12B)
[1108/235258.852:ERROR:process_memory_win.cc(73)] ReadMemory at 0x21436e17fd0 of 60 bytes failed: Only part of a ReadProcessMemory or WriteProcessMemory request was completed. (0x12B)
[1108/235258.916:ERROR:process_memory_win.cc(73)] ReadMemory at 0x21436e18070 of 60 bytes failed: Only part of a ReadProcessMemory or WriteProcessMemory request was completed. (0x12B)
[1108/235258.936:ERROR:process_memory_win.cc(73)] ReadMemory at 0x21436e180c0 of 66 bytes failed: Only part of a ReadProcessMemory or WriteProcessMemory request was completed. (0x12B)
[1108/235258.939:ERROR:process_memory_win.cc(73)] ReadMemory at 0x21436e181b0 of 62 bytes failed: Only part of a ReadProcessMemory or WriteProcessMemory request was completed. (0x12B)
[1108/235259.011:ERROR:process_memory_win.cc(73)] ReadMemory at 0x21436e18200 of 64 bytes failed: Only part of a ReadProcessMemory or WriteProcessMemory request was completed. (0x12B)
[1108/235259.011:ERROR:process_memory_win.cc(73)] ReadMemory at 0x21436e18250 of 62 bytes failed: Only part of a ReadProcessMemory or WriteProcessMemory request was completed. (0x12B)
[1108/235259.027:ERROR:process_memory_win.cc(73)] ReadMemory at 0x21436e18340 of 66 bytes failed: Only part of a ReadProcessMemory or WriteProcessMemory request was completed. (0x12B)
[1108/235259.031:ERROR:process_memory_win.cc(73)] ReadMemory at 0x21436e18390 of 64 bytes failed: Only part of a ReadProcessMemory or WriteProcessMemory request was completed. (0x12B)
[1108/235259.032:ERROR:process_memory_win.cc(73)] ReadMemory at 0x21436e184d0 of 64 bytes failed: Only part of a ReadProcessMemory or WriteProcessMemory request was completed. (0x12B)
[1108/235259.033:ERROR:process_memory_win.cc(73)] ReadMemory at 0x21436e18520 of 64 bytes failed: Only part of a ReadProcessMemory or WriteProcessMemory request was completed. (0x12B)
[1108/235259.033:ERROR:process_memory_win.cc(73)] ReadMemory at 0x21436e18570 of 62 bytes failed: Only part of a ReadProcessMemory or WriteProcessMemory request was completed. (0x12B)
[1108/235259.034:ERROR:process_memory_win.cc(73)] ReadMemory at 0x21436e185c0 of 62 bytes failed: Only part of a ReadProcessMemory or WriteProcessMemory request was completed. (0x12B)
[1108/235259.035:ERROR:process_memory_win.cc(73)] ReadMemory at 0x21436e19720 of 132 bytes failed: Only part of a ReadProcessMemory or WriteProcessMemory request was completed. (0x12B)
[1108/235259.035:ERROR:process_memory_win.cc(73)] ReadMemory at 0x21436e19da0 of 132 bytes failed: Only part of a ReadProcessMemory or WriteProcessMemory request was completed. (0x12B)
[1108/235259.036:ERROR:process_memory_win.cc(73)] ReadMemory at 0x21436e1c850 of 146 bytes failed: Only part of a ReadProcessMemory or WriteProcessMemory request was completed. (0x12B)
[1108/235259.036:ERROR:process_memory_win.cc(73)] ReadMemory at 0x21436e1e990 of 132 bytes failed: Only part of a ReadProcessMemory or WriteProcessMemory request was completed. (0x12B)
[1108/235259.037:ERROR:process_memory_win.cc(73)] ReadMemory at 0x21436e1eac0 of 132 bytes failed: Only part of a ReadProcessMemory or WriteProcessMemory request was completed. (0x12B)
[1108/235259.038:ERROR:process_memory_win.cc(73)] ReadMemory at 0x21436e1ebf0 of 132 bytes failed: Only part of a ReadProcessMemory or WriteProcessMemory request was completed. (0x12B)
[1108/235259.038:ERROR:process_memory_win.cc(73)] ReadMemory at 0x21436e1ed20 of 132 bytes failed: Only part of a ReadProcessMemory or WriteProcessMemory request was completed. (0x12B)
[1108/235259.039:ERROR:process_memory_win.cc(73)] ReadMemory at 0x21436e1ee50 of 132 bytes failed: Only part of a ReadProcessMemory or WriteProcessMemory request was completed. (0x12B)
[1108/235259.039:ERROR:process_memory_win.cc(73)] ReadMemory at 0x21436e1ef80 of 132 bytes failed: Only part of a ReadProcessMemory or WriteProcessMemory request was completed. (0x12B)
[1108/235259.070:ERROR:process_memory_win.cc(73)] ReadMemory at 0x21436e1f0b0 of 132 bytes failed: Only part of a ReadProcessMemory or WriteProcessMemory request was completed. (0x12B)
[1108/235259.071:ERROR:process_memory_win.cc(73)] ReadMemory at 0x21436e1f1e0 of 132 bytes failed: Only part of a ReadProcessMemory or WriteProcessMemory request was completed. (0x12B)
[1108/235259.072:ERROR:process_memory_win.cc(73)] ReadMemory at 0x21436e1f310 of 132 bytes failed: Only part of a ReadProcessMemory or WriteProcessMemory request was completed. (0x12B)
[1108/235259.073:ERROR:process_memory_win.cc(73)] ReadMemory at 0x21436e1f440 of 132 bytes failed: Only part of a ReadProcessMemory or WriteProcessMemory request was completed. (0x12B)
[1108/235259.074:ERROR:process_memory_win.cc(73)] ReadMemory at 0x21436e1f570 of 132 bytes failed: Only part of a ReadProcessMemory or WriteProcessMemory request was completed. (0x12B)
[1108/235259.074:ERROR:process_memory_win.cc(73)] ReadMemory at 0x21436e1f7d0 of 132 bytes failed: Only part of a ReadProcessMemory or WriteProcessMemory request was completed. (0x12B)
[1108/235259.075:ERROR:process_memory_win.cc(73)] ReadMemory at 0x21436e21ac0 of 132 bytes failed: Only part of a ReadProcessMemory or WriteProcessMemory request was completed. (0x12B)
[1108/235259.075:ERROR:process_memory_win.cc(73)] ReadMemory at 0x21436e21e10 of 132 bytes failed: Only part of a ReadProcessMemory or WriteProcessMemory request was completed. (0x12B)
[1108/235259.463:ERROR:process_memory_win.cc(73)] ReadMemory at 0x21436e220c0 of 132 bytes failed: Only part of a ReadProcessMemory or WriteProcessMemory request was completed. (0x12B)
[1108/235259.463:ERROR:process_memory_win.cc(73)] ReadMemory at 0x21436e221f0 of 132 bytes failed: Only part of a ReadProcessMemory or WriteProcessMemory request was completed. (0x12B)
[1108/235259.478:ERROR:process_memory_win.cc(73)] ReadMemory at 0x21436e22b70 of 132 bytes failed: Only part of a ReadProcessMemory or WriteProcessMemory request was completed. (0x12B)
[1108/235259.478:ERROR:process_memory_win.cc(73)] ReadMemory at 0x21436e22ca0 of 132 bytes failed: Only part of a ReadProcessMemory or WriteProcessMemory request was completed. (0x12B)
[1108/235259.478:ERROR:process_memory_win.cc(73)] ReadMemory at 0x21436e22f00 of 132 bytes failed: Only part of a ReadProcessMemory or WriteProcessMemory request was completed. (0x12B)
[1108/235259.478:ERROR:process_memory_win.cc(73)] ReadMemory at 0x21436e23030 of 132 bytes failed: Only part of a ReadProcessMemory or WriteProcessMemory request was completed. (0x12B)
[1108/235259.478:ERROR:process_memory_win.cc(73)] ReadMemory at 0x21436e23160 of 132 bytes failed: Only part of a ReadProcessMemory or WriteProcessMemory request was completed. (0x12B)
[1108/235259.478:ERROR:process_memory_win.cc(73)] ReadMemory at 0x21436e233c0 of 132 bytes failed: Only part of a ReadProcessMemory or WriteProcessMemory request was completed. (0x12B)
[1108/235259.478:ERROR:process_memory_win.cc(73)] ReadMemory at 0x21436e239b0 of 132 bytes failed: Only part of a ReadProcessMemory or WriteProcessMemory request was completed. (0x12B)
[1108/235259.556:ERROR:process_memory_win.cc(73)] ReadMemory at 0x21436e23d40 of 132 bytes failed: Only part of a ReadProcessMemory or WriteProcessMemory request was completed. (0x12B)
[1108/235259.557:ERROR:process_memory_win.cc(73)] ReadMemory at 0x21436e6e590 of 512 bytes failed: Only part of a ReadProcessMemory or WriteProcessMemory request was completed. (0x12B)
[1108/235259.558:ERROR:process_memory_win.cc(73)] ReadMemory at 0x21436e847e0 of 512 bytes failed: Only part of a ReadProcessMemory or WriteProcessMemory request was completed. (0x12B)
[1108/235259.559:ERROR:process_memory_win.cc(73)] ReadMemory at 0x21436e89610 of 512 bytes failed: Only part of a ReadProcessMemory or WriteProcessMemory request was completed. (0x12B)
[1108/235259.613:ERROR:process_memory_win.cc(73)] ReadMemory at 0x21436e92b20 of 560 bytes failed: Only part of a ReadProcessMemory or WriteProcessMemory request was completed. (0x12B)
[1108/235259.646:ERROR:process_memory_win.cc(73)] ReadMemory at 0x21436e99e90 of 712 bytes failed: Only part of a ReadProcessMemory or WriteProcessMemory request was completed. (0x12B)
[1108/235259.646:ERROR:process_memory_win.cc(73)] ReadMemory at 0x21436ea5bd0 of 512 bytes failed: Only part of a ReadProcessMemory or WriteProcessMemory request was completed. (0x12B)
[1108/235259.646:ERROR:process_memory_win.cc(73)] ReadMemory at 0x21436eb7e50 of 512 bytes failed: Only part of a ReadProcessMemory or WriteProcessMemory request was completed. (0x12B)
[1108/235259.646:ERROR:process_memory_win.cc(73)] ReadMemory at 0x21438a10000 of 384 bytes failed: Only part of a ReadProcessMemory or WriteProcessMemory request was completed. (0x12B)
[1108/235259.646:ERROR:process_memory_win.cc(73)] ReadMemory at 0x21438a1f2f6 of 1068 bytes failed: Only part of a ReadProcessMemory or WriteProcessMemory request was completed. (0x12B)
[1108/235259.646:ERROR:process_memory_win.cc(73)] ReadMemory at 0x21438a2c510 of 512 bytes failed: Only part of a ReadProcessMemory or WriteProcessMemory request was completed. (0x12B)
[1108/235259.771:ERROR:process_memory_win.cc(73)] ReadMemory at 0x21438a6b5f8 of 800 bytes failed: Only part of a ReadProcessMemory or WriteProcessMemory request was completed. (0x12B)
[1108/235259.771:ERROR:process_memory_win.cc(73)] ReadMemory at 0x21438a6bb08 of 512 bytes failed: Only part of a ReadProcessMemory or WriteProcessMemory request was completed. (0x12B)
[1108/235259.771:ERROR:process_memory_win.cc(73)] ReadMemory at 0x21438b015c0 of 512 bytes failed: Only part of a ReadProcessMemory or WriteProcessMemory request was completed. (0x12B)
[1108/235259.771:ERROR:process_memory_win.cc(73)] ReadMemory at 0x21438c13480 of 512 bytes failed: Only part of a ReadProcessMemory or WriteProcessMemory request was completed. (0x12B)
[1108/235259.892:ERROR:process_memory_win.cc(73)] ReadMemory at 0x21438cb0890 of 752 bytes failed: Only part of a ReadProcessMemory or WriteProcessMemory request was completed. (0x12B)
[1108/235259.927:ERROR:process_memory_win.cc(73)] ReadMemory at 0x21439eac6a0 of 512 bytes failed: Only part of a ReadProcessMemory or WriteProcessMemory request was completed. (0x12B)
[1108/235259.927:ERROR:process_memory_win.cc(73)] ReadMemory at 0x21439eb07c0 of 512 bytes failed: Only part of a ReadProcessMemory or WriteProcessMemory request was completed. (0x12B)
[1108/235259.927:ERROR:process_memory_win.cc(73)] ReadMemory at 0x21439eb0bc0 of 512 bytes failed: Only part of a ReadProcessMemory or WriteProcessMemory request was completed. (0x12B)
[1108/235259.927:ERROR:process_memory_win.cc(73)] ReadMemory at 0x2143a1849a0 of 512 bytes failed: Only part of a ReadProcessMemory or WriteProcessMemory request was completed. (0x12B)
[1108/235259.927:ERROR:process_memory_win.cc(73)] ReadMemory at 0x1c1708042161 of 512 bytes failed: Only part of a ReadProcessMemory or WriteProcessMemory request was completed. (0x12B)
[1108/235259.927:ERROR:process_memory_win.cc(73)] ReadMemory at 0x1c17080429b1 of 512 bytes failed: Only part of a ReadProcessMemory or WriteProcessMemory request was completed. (0x12B)
[1108/235259.927:ERROR:process_memory_win.cc(73)] ReadMemory at 0x1c17081cac51 of 512 bytes failed: Only part of a ReadProcessMemory or WriteProcessMemory request was completed. (0x12B)
[1108/235259.927:ERROR:process_memory_win.cc(73)] ReadMemory at 0x1c1708c40dac of 512 bytes failed: Only part of a ReadProcessMemory or WriteProcessMemory request was completed. (0x12B)
[1108/235259.927:ERROR:process_memory_win.cc(73)] ReadMemory at 0x1c172227ff80 of 512 bytes failed: Only part of a ReadProcessMemory or WriteProcessMemory request was completed. (0x12B)
[1108/235259.927:ERROR:process_memory_win.cc(73)] ReadMemory at 0x1c17222af0fd of 512 bytes failed: Only part of a ReadProcessMemory or WriteProcessMemory request was completed. (0x12B)
[1108/235259.927:ERROR:process_memory_win.cc(73)] ReadMemory at 0x7ffaf916eeb0 of 512 bytes failed: Only part of a ReadProcessMemory or WriteProcessMemory request was completed. (0x12B)
[1108/235259.927:ERROR:process_memory_win.cc(73)] ReadMemory at 0x7ffafafe2a0d of 512 bytes failed: Only part of a ReadProcessMemory or WriteProcessMemory request was completed. (0x12B)
[1108/235259.927:ERROR:process_memory_win.cc(73)] ReadMemory at 0x7ffb219e5810 of 512 bytes failed: Only part of a ReadProcessMemory or WriteProcessMemory request was completed. (0x12B)
[1108/235259.927:ERROR:process_memory_win.cc(73)] ReadMemory at 0x7ffb219e5ed7 of 512 bytes failed: Only part of a ReadProcessMemory or WriteProcessMemory request was completed. (0x12B)
[1108/235259.927:ERROR:process_memory_win.cc(73)] ReadMemory at 0x7ffb4e241f80 of 512 bytes failed: Only part of a ReadProcessMemory or WriteProcessMemory request was completed. (0x12B)
[1108/235300.048:ERROR:process_memory_win.cc(73)] ReadMemory at 0x7ffb4fa1c074 of 672 bytes failed: Only part of a ReadProcessMemory or WriteProcessMemory request was completed. (0x12B)
[1108/235300.064:ERROR:process_memory_win.cc(73)] ReadMemory at 0x7ffb4fa1f924 of 608 bytes failed: Only part of a ReadProcessMemory or WriteProcessMemory request was completed. (0x12B)
[1108/235300.064:ERROR:process_memory_win.cc(73)] ReadMemory at 0x7ffb4faac428 of 18 bytes failed: Only part of a ReadProcessMemory or WriteProcessMemory request was completed. (0x12B)
[1108/235300.064:ERROR:process_memory_win.cc(73)] ReadMemory at 0x7ffb4fadf4f8 of 40 bytes failed: Only part of a ReadProcessMemory or WriteProcessMemory request was completed. (0x12B)
[1108/235300.064:ERROR:process_memory_win.cc(73)] ReadMemory at 0x7ffb4fadf978 of 48 bytes failed: Only part of a ReadProcessMemory or WriteProcessMemory request was completed. (0x12B)
[1108/235300.064:ERROR:process_memory_win.cc(73)] ReadMemory at 0x7ffb4fae53c0 of 64 bytes failed: Only part of a ReadProcessMemory or WriteProcessMemory request was completed. (0x12B)
[1108/235300.309:ERROR:scoped_process_suspend.cc(40)] NtResumeProcess: An attempt was made to access an exiting process. (0xc000010a)
[1109/114507.978:ERROR:directory_reader_win.cc(43)] FindFirstFile: The system cannot find the path specified. (0x3)
[1110/223237.858:ERROR:directory_reader_win.cc(43)] FindFirstFile: The system cannot find the path specified. (0x3)
[1111/111255.972:ERROR:directory_reader_win.cc(43)] FindFirstFile: The system cannot find the path specified. (0x3)
[1113/160934.416:ERROR:directory_reader_win.cc(43)] FindFirstFile: The system cannot find the path specified. (0x3)
[1115/020758.654:ERROR:directory_reader_win.cc(43)] FindFirstFile: The system cannot find the path specified. (0x3)
[1116/103357.238:ERROR:directory_reader_win.cc(43)] FindFirstFile: The system cannot find the path specified. (0x3)
[1117/113316.006:ERROR:directory_reader_win.cc(43)] FindFirstFile: The system cannot find the path specified. (0x3)
[1118/111649.494:ERROR:directory_reader_win.cc(43)] FindFirstFile: The system cannot find the path specified. (0x3)
